<?xml version="1.0" encoding="UTF-8"?>
<!-- Generated by org.testng.reporters.JUnitReportReporter -->
<testsuite hostname="BE2CB557" failures="1" tests="1" name="cucumberOptions.FailedTestRunner" time="7.889" errors="0" timestamp="2023-06-26T13:16:30 IST" skipped="0">
  <testcase classname="cucumberOptions.FailedTestRunner" name="runScenario" time="7.889">
    <failure message="expected [No data] but found [Beetroot]" type="java.lang.AssertionError">
      <![CDATA[java.lang.AssertionError: expected [No data] but found [Beetroot]
at org.testng.Assert.fail(Assert.java:110)
at org.testng.Assert.failNotEquals(Assert.java:1577)
at org.testng.Assert.assertEqualsImpl(Assert.java:149)
at org.testng.Assert.assertEquals(Assert.java:131)
at org.testng.Assert.assertEquals(Assert.java:655)
at org.testng.Assert.assertEquals(Assert.java:665)
at stepDefinations.OfferPageStepDefination.validate_product_name(OfferPageStepDefination.java:55)
at ✽.validate product name in offers page matches with Landing Page(file:///C:/Users/A200232719/eclipse-workspace/CucumberFramework/src/test/java/features/searchProduct.feature:8)
]]>
    </failure>
  </testcase> <!-- runScenario -->
  <system-out/>
</testsuite> <!-- cucumberOptions.FailedTestRunner -->
